0 info it worked if it ends with ok
1 verbose cli [ 'D:\\Program Files\\nodejs\\node.exe',
1 verbose cli   'C:\\Users\\jin\\AppData\\Roaming\\npm\\node_modules\\npm\\bin\\npm-cli.js',
1 verbose cli   'start' ]
2 info using npm@3.5.0
3 info using node@v5.1.0
4 verbose run-script [ 'prestart', 'start', 'poststart' ]
5 info lifecycle react-koa@1.0.0~prestart: react-koa@1.0.0
6 silly lifecycle react-koa@1.0.0~prestart: no script for prestart, continuing
7 info lifecycle react-koa@1.0.0~start: react-koa@1.0.0
8 verbose lifecycle react-koa@1.0.0~start: unsafe-perm in lifecycle true
9 verbose lifecycle react-koa@1.0.0~start: PATH: C:\Users\jin\AppData\Roaming\npm\node_modules\npm\bin\node-gyp-bin;E:\node\react-koa\node_modules\.bin;D:\Python27;D:\Ruby22-x64\bin;C:\Program Files (x86)\NVIDIA Corporation\PhysX\Common;C:\WINDOWS\system32;C:\WINDOWS;C:\WINDOWS\System32\Wbem;C:\WINDOWS\System32\WindowsPowerShell\v1.0\;D:\Program Files\TortoiseSVN\bin;D:\Program Files\MongoDB\Server\3.0\bin;D:\Program Files\nodejs\;C:\Users\jin\AppData\Roaming\npm;C:\Users\jin\AppData\Roaming\npm
10 verbose lifecycle react-koa@1.0.0~start: CWD: E:\node\react-koa
11 silly lifecycle react-koa@1.0.0~start: Args: [ '/d /s /c',
11 silly lifecycle   'babel-node --presets es2015 src/server/index.js' ]
12 silly lifecycle react-koa@1.0.0~start: Returned: code: 1  signal: null
13 info lifecycle react-koa@1.0.0~start: Failed to exec start script
14 verbose stack Error: react-koa@1.0.0 start: `babel-node --presets es2015 src/server/index.js`
14 verbose stack Exit status 1
14 verbose stack     at EventEmitter.<anonymous> (C:\Users\jin\AppData\Roaming\npm\node_modules\npm\lib\utils\lifecycle.js:232:16)
14 verbose stack     at emitTwo (events.js:87:13)
14 verbose stack     at EventEmitter.emit (events.js:172:7)
14 verbose stack     at ChildProcess.<anonymous> (C:\Users\jin\AppData\Roaming\npm\node_modules\npm\lib\utils\spawn.js:24:14)
14 verbose stack     at emitTwo (events.js:87:13)
14 verbose stack     at ChildProcess.emit (events.js:172:7)
14 verbose stack     at maybeClose (internal/child_process.js:818:16)
14 verbose stack     at Process.ChildProcess._handle.onexit (internal/child_process.js:211:5)
15 verbose pkgid react-koa@1.0.0
16 verbose cwd E:\node\react-koa
17 error Windows_NT 10.0.10586
18 error argv "D:\\Program Files\\nodejs\\node.exe" "C:\\Users\\jin\\AppData\\Roaming\\npm\\node_modules\\npm\\bin\\npm-cli.js" "start"
19 error node v5.1.0
20 error npm  v3.5.0
21 error code ELIFECYCLE
22 error react-koa@1.0.0 start: `babel-node --presets es2015 src/server/index.js`
22 error Exit status 1
23 error Failed at the react-koa@1.0.0 start script 'babel-node --presets es2015 src/server/index.js'.
23 error Make sure you have the latest version of node.js and npm installed.
23 error If you do, this is most likely a problem with the react-koa package,
23 error not with npm itself.
23 error Tell the author that this fails on your system:
23 error     babel-node --presets es2015 src/server/index.js
23 error You can get their info via:
23 error     npm owner ls react-koa
23 error There is likely additional logging output above.
24 verbose exit [ 1, true ]
